Arguments: 
  /Users/rpodrazky/.nvm/versions/node/v12.13.1/bin/node /usr/local/Cellar/yarn/1.22.4/libexec/bin/yarn.js add -D @semantic-release/github

PATH: 
  /Users/rpodrazky/.nvm/versions/node/v12.13.1/bin:/usr/local/sbin:/usr/local/bin:/usr/bin:/bin:/usr/sbin:/sbin:/Library/Apple/usr/bin:/Users/rpodrazky/.nvm/versions/node/v12.13.1/bin:/usr/local/sbin

Yarn version: 
  1.22.4

Node version: 
  12.13.1

Platform: 
  darwin x64

Trace: 
  SyntaxError: /Users/rpodrazky/Documents/PROJECTS/semantic-release-test/package.json: Unexpected token } in JSON at position 490
      at JSON.parse (<anonymous>)
      at /usr/local/Cellar/yarn/1.22.4/libexec/lib/cli.js:1625:59
      at Generator.next (<anonymous>)
      at step (/usr/local/Cellar/yarn/1.22.4/libexec/lib/cli.js:310:30)
      at /usr/local/Cellar/yarn/1.22.4/libexec/lib/cli.js:321:13

npm manifest: 
  {
    "name": "semantic-release-test",
    "version": "1.0.0",
    "description": "",
    "main": "index.js",
    "scripts": {
      "test": "echo \"Error: no test specified\" && exit 1"
    },
    "repository": {
      "type": "git",
      "url": "git+https://github.com/ajkl2533/semantic-release-test.git"
    },
    "author": "",
    "license": "ISC",
    "bugs": {
      "url": "https://github.com/ajkl2533/semantic-release-test/issues"
    },
    "homepage": "https://github.com/ajkl2533/semantic-release-test#readme",
  }

yarn manifest: 
  No manifest

Lockfile: 
  No lockfile
